# JRE version: Java(TM) SE Runtime Environment (7.0_75-b13) (build 1.7.0_75-b13)
# Java VM: Java HotSpot(TM) 64-Bit Server VM (24.75-b04 mixed mode linux-amd64 compressed oops)
Heap
 PSYoungGen      total 43008K, used 3072K [0x00000000eaa80000, 0x00000000ed780000, 0x0000000100000000)
  eden space 39936K, 0% used [0x00000000eaa80000,0x00000000eaa80000,0x00000000ed180000)
  from space 3072K, 100% used [0x00000000ed180000,0x00000000ed480000,0x00000000ed480000)
  to   space 3072K, 0% used [0x00000000ed480000,0x00000000ed480000,0x00000000ed780000)
 ParOldGen       total 51712K, used 11427K [0x00000000c0000000, 0x00000000c3280000, 0x00000000eaa80000)
  object space 51712K, 22% used [0x00000000c0000000,0x00000000c0b28da8,0x00000000c3280000)
 PSPermGen       total 21504K, used 5527K [0x00000000bae00000, 0x00000000bc300000, 0x00000000c0000000)
  object space 21504K, 25% used [0x00000000bae00000,0x00000000bb365c30,0x00000000bc300000)
GC Heap History (5 events):
Event: 3.295 GC heap before
{Heap before GC invocations=1 (full 0):
 PSYoungGen      total 23040K, used 19968K [0x00000000eaa80000, 0x00000000ec400000, 0x0000000100000000)
  eden space 19968K, 100% used [0x00000000eaa80000,0x00000000ebe00000,0x00000000ebe00000)
  from space 3072K, 0% used [0x00000000ec100000,0x00000000ec100000,0x00000000ec400000)
  to   space 3072K, 0% used [0x00000000ebe00000,0x00000000ebe00000,0x00000000ec100000)
 ParOldGen       total 51712K, used 0K [0x00000000c0000000, 0x00000000c3280000, 0x00000000eaa80000)
  object space 51712K, 0% used [0x00000000c0000000,0x00000000c0000000,0x00000000c3280000)
 PSPermGen       total 21504K, used 5351K [0x00000000bae00000, 0x00000000bc300000, 0x00000000c0000000)
  object space 21504K, 24% used [0x00000000bae00000,0x00000000bb339de0,0x00000000bc300000)
Event: 3.365 GC heap after
Heap after GC invocations=1 (full 0):
 PSYoungGen      total 23040K, used 3063K [0x00000000eaa80000, 0x00000000ed780000, 0x0000000100000000)
  eden space 19968K, 0% used [0x00000000eaa80000,0x00000000eaa80000,0x00000000ebe00000)
  from space 3072K, 99% used [0x00000000ebe00000,0x00000000ec0fdc78,0x00000000ec100000)
  to   space 3072K, 0% used [0x00000000ed480000,0x00000000ed480000,0x00000000ed780000)
 ParOldGen       total 51712K, used 1683K [0x00000000c0000000, 0x00000000c3280000, 0x00000000eaa80000)
  object space 51712K, 3% used [0x00000000c0000000,0x00000000c01a4cc8,0x00000000c3280000)
 PSPermGen       total 21504K, used 5351K [0x00000000bae00000, 0x00000000bc300000, 0x00000000c0000000)
  object space 21504K, 24% used [0x00000000bae00000,0x00000000bb339de0,0x00000000bc300000)
}
Event: 5.714 GC heap before
{Heap before GC invocations=2 (full 0):
 PSYoungGen      total 23040K, used 23031K [0x00000000eaa80000, 0x00000000ed780000, 0x0000000100000000)
  eden space 19968K, 100% used [0x00000000eaa80000,0x00000000ebe00000,0x00000000ebe00000)
  from space 3072K, 99% used [0x00000000ebe00000,0x00000000ec0fdc78,0x00000000ec100000)
  to   space 3072K, 0% used [0x00000000ed480000,0x00000000ed480000,0x00000000ed780000)
 ParOldGen       total 51712K, used 1683K [0x00000000c0000000, 0x00000000c3280000, 0x00000000eaa80000)
  object space 51712K, 3% used [0x00000000c0000000,0x00000000c01a4cc8,0x00000000c3280000)
 PSPermGen       total 21504K, used 5480K [0x00000000bae00000, 0x00000000bc300000, 0x00000000c0000000)
  object space 21504K, 25% used [0x00000000bae00000,0x00000000bb35a0a8,0x00000000bc300000)
Event: 5.756 GC heap after
Heap after GC invocations=2 (full 0):
 PSYoungGen      total 43008K, used 3063K [0x00000000eaa80000, 0x00000000ed780000, 0x0000000100000000)
  eden space 39936K, 0% used [0x00000000eaa80000,0x00000000eaa80000,0x00000000ed180000)
  from space 3072K, 99% used [0x00000000ed480000,0x00000000ed77dc88,0x00000000ed780000)
  to   space 3072K, 0% used [0x00000000ed180000,0x00000000ed180000,0x00000000ed480000)
 ParOldGen       total 51712K, used 4783K [0x00000000c0000000, 0x00000000c3280000, 0x00000000eaa80000)
  object space 51712K, 9% used [0x00000000c0000000,0x00000000c04abf28,0x00000000c3280000)
 PSPermGen       total 21504K, used 5480K [0x00000000bae00000, 0x00000000bc300000, 0x00000000c0000000)
  object space 21504K, 25% used [0x00000000bae00000,0x00000000bb35a0a8,0x00000000bc300000)
}
Event: 12.349 GC heap before
{Heap before GC invocations=3 (full 0):
 PSYoungGen      total 43008K, used 42999K [0x00000000eaa80000, 0x00000000ed780000, 0x0000000100000000)
  eden space 39936K, 100% used [0x00000000eaa80000,0x00000000ed180000,0x00000000ed180000)
  from space 3072K, 99% used [0x00000000ed480000,0x00000000ed77dc88,0x00000000ed780000)
  to   space 3072K, 0% used [0x00000000ed180000,0x00000000ed180000,0x00000000ed480000)
 ParOldGen       total 51712K, used 4783K [0x00000000c0000000, 0x00000000c3280000, 0x00000000eaa80000)
  object space 51712K, 9% used [0x00000000c0000000,0x00000000c04abf28,0x00000000c3280000)
 PSPermGen       total 21504K, used 5527K [0x00000000bae00000, 0x00000000bc300000, 0x00000000c0000000)
  object space 21504K, 25% used [0x00000000bae00000,0x00000000bb365c30,0x00000000bc300000)

