# JRE version: Java(TM) SE Runtime Environment (7.0_75-b13) (build 1.7.0_75-b13)
# Java VM: Java HotSpot(TM) 64-Bit Server VM (24.75-b04 mixed mode linux-amd64 compressed oops)
Heap
 PSYoungGen      total 47616K, used 7658K [0x00000000eaa80000, 0x00000000ee080000, 0x0000000100000000)
  eden space 39936K, 0% used [0x00000000eaa80000,0x00000000eaa80000,0x00000000ed180000)
  from space 7680K, 99% used [0x00000000ed180000,0x00000000ed8fa828,0x00000000ed900000)
  to   space 7680K, 0% used [0x00000000ed900000,0x00000000ed900000,0x00000000ee080000)
 ParOldGen       total 51712K, used 18829K [0x00000000c0000000, 0x00000000c3280000, 0x00000000eaa80000)
  object space 51712K, 36% used [0x00000000c0000000,0x00000000c1263558,0x00000000c3280000)
 PSPermGen       total 21504K, used 5630K [0x00000000bae00000, 0x00000000bc300000, 0x00000000c0000000)
  object space 21504K, 26% used [0x00000000bae00000,0x00000000bb37fa98,0x00000000bc300000)
GC Heap History (10 events):
Event: 10.603 GC heap after
Heap after GC invocations=2 (full 0):
 PSYoungGen      total 23040K, used 3066K [0x00000000eaa80000, 0x00000000ec400000, 0x0000000100000000)
  eden space 19968K, 0% used [0x00000000eaa80000,0x00000000eaa80000,0x00000000ebe00000)
  from space 3072K, 99% used [0x00000000ec100000,0x00000000ec3fe9a0,0x00000000ec400000)
  to   space 3072K, 0% used [0x00000000ebe00000,0x00000000ebe00000,0x00000000ec100000)
 ParOldGen       total 51712K, used 4618K [0x00000000c0000000, 0x00000000c3280000, 0x00000000eaa80000)
  object space 51712K, 8% used [0x00000000c0000000,0x00000000c0482bc0,0x00000000c3280000)
 PSPermGen       total 21504K, used 5464K [0x00000000bae00000, 0x00000000bc300000, 0x00000000c0000000)
  object space 21504K, 25% used [0x00000000bae00000,0x00000000bb356210,0x00000000bc300000)
}
Event: 12.943 GC heap before
{Heap before GC invocations=3 (full 0):
 PSYoungGen      total 23040K, used 23034K [0x00000000eaa80000, 0x00000000ec400000, 0x0000000100000000)
  eden space 19968K, 100% used [0x00000000eaa80000,0x00000000ebe00000,0x00000000ebe00000)
  from space 3072K, 99% used [0x00000000ec100000,0x00000000ec3fe9a0,0x00000000ec400000)
  to   space 3072K, 0% used [0x00000000ebe00000,0x00000000ebe00000,0x00000000ec100000)
 ParOldGen       total 51712K, used 4618K [0x00000000c0000000, 0x00000000c3280000, 0x00000000eaa80000)
  object space 51712K, 8% used [0x00000000c0000000,0x00000000c0482bc0,0x00000000c3280000)
 PSPermGen       total 21504K, used 5506K [0x00000000bae00000, 0x00000000bc300000, 0x00000000c0000000)
  object space 21504K, 25% used [0x00000000bae00000,0x00000000bb360a98,0x00000000bc300000)
Event: 12.980 GC heap after
Heap after GC invocations=3 (full 0):
 PSYoungGen      total 23040K, used 3059K [0x00000000eaa80000, 0x00000000ec400000, 0x0000000100000000)
  eden space 19968K, 0% used [0x00000000eaa80000,0x00000000eaa80000,0x00000000ebe00000)
  from space 3072K, 99% used [0x00000000ebe00000,0x00000000ec0fcd28,0x00000000ec100000)
  to   space 3072K, 0% used [0x00000000ec100000,0x00000000ec100000,0x00000000ec400000)
 ParOldGen       total 51712K, used 7914K [0x00000000c0000000, 0x00000000c3280000, 0x00000000eaa80000)
  object space 51712K, 15% used [0x00000000c0000000,0x00000000c07ba8e8,0x00000000c3280000)
 PSPermGen       total 21504K, used 5506K [0x00000000bae00000, 0x00000000bc300000, 0x00000000c0000000)
  object space 21504K, 25% used [0x00000000bae00000,0x00000000bb360a98,0x00000000bc300000)
}
Event: 15.335 GC heap before
{Heap before GC invocations=4 (full 0):
 PSYoungGen      total 23040K, used 23027K [0x00000000eaa80000, 0x00000000ec400000, 0x0000000100000000)
  eden space 19968K, 100% used [0x00000000eaa80000,0x00000000ebe00000,0x00000000ebe00000)
  from space 3072K, 99% used [0x00000000ebe00000,0x00000000ec0fcd28,0x00000000ec100000)
  to   space 3072K, 0% used [0x00000000ec100000,0x00000000ec100000,0x00000000ec400000)
 ParOldGen       total 51712K, used 7914K [0x00000000c0000000, 0x00000000c3280000, 0x00000000eaa80000)
  object space 51712K, 15% used [0x00000000c0000000,0x00000000c07ba8e8,0x00000000c3280000)
 PSPermGen       total 21504K, used 5528K [0x00000000bae00000, 0x00000000bc300000, 0x00000000c0000000)
  object space 21504K, 25% used [0x00000000bae00000,0x00000000bb3661d8,0x00000000bc300000)
Event: 15.390 GC heap after
Heap after GC invocations=4 (full 0):
 PSYoungGen      total 23040K, used 3059K [0x00000000eaa80000, 0x00000000ed780000, 0x0000000100000000)
  eden space 19968K, 0% used [0x00000000eaa80000,0x00000000eaa80000,0x00000000ebe00000)
  from space 3072K, 99% used [0x00000000ec100000,0x00000000ec3fcd48,0x00000000ec400000)
  to   space 3072K, 0% used [0x00000000ebe00000,0x00000000ebe00000,0x00000000ec100000)
 ParOldGen       total 51712K, used 11495K [0x00000000c0000000, 0x00000000c3280000, 0x00000000eaa80000)
  object space 51712K, 22% used [0x00000000c0000000,0x00000000c0b39df0,0x00000000c3280000)
 PSPermGen       total 21504K, used 5528K [0x00000000bae00000, 0x00000000bc300000, 0x00000000c0000000)
  object space 21504K, 25% used [0x00000000bae00000,0x00000000bb3661d8,0x00000000bc300000)
}
Event: 16.889 GC heap before
{Heap before GC invocations=5 (full 0):
 PSYoungGen      total 23040K, used 23027K [0x00000000eaa80000, 0x00000000ed780000, 0x0000000100000000)
  eden space 19968K, 100% used [0x00000000eaa80000,0x00000000ebe00000,0x00000000ebe00000)
  from space 3072K, 99% used [0x00000000ec100000,0x00000000ec3fcd48,0x00000000ec400000)
  to   space 3072K, 0% used [0x00000000ebe00000,0x00000000ebe00000,0x00000000ec100000)
 ParOldGen       total 51712K, used 11495K [0x00000000c0000000, 0x00000000c3280000, 0x00000000eaa80000)
  object space 51712K, 22% used [0x00000000c0000000,0x00000000c0b39df0,0x00000000c3280000)
 PSPermGen       total 21504K, used 5589K [0x00000000bae00000, 0x00000000bc300000, 0x00000000c0000000)
  object space 21504K, 25% used [0x00000000bae00000,0x00000000bb375478,0x00000000bc300000)
Event: 17.212 GC heap after
Heap after GC invocations=5 (full 0):
 PSYoungGen      total 23040K, used 3059K [0x00000000eaa80000, 0x00000000ee080000, 0x0000000100000000)
  eden space 19968K, 0% used [0x00000000eaa80000,0x00000000eaa80000,0x00000000ebe00000)
  from space 3072K, 99% used [0x00000000ebe00000,0x00000000ec0fcd28,0x00000000ec100000)
  to   space 7680K, 0% used [0x00000000ed900000,0x00000000ed900000,0x00000000ee080000)
 ParOldGen       total 51712K, used 14931K [0x00000000c0000000, 0x00000000c3280000, 0x00000000eaa80000)
  object space 51712K, 28% used [0x00000000c0000000,0x00000000c0e94e00,0x00000000c3280000)
 PSPermGen       total 21504K, used 5589K [0x00000000bae00000, 0x00000000bc300000, 0x00000000c0000000)
  object space 21504K, 25% used [0x00000000bae00000,0x00000000bb375478,0x00000000bc300000)
}
Event: 18.312 GC heap before
{Heap before GC invocations=6 (full 0):
 PSYoungGen      total 23040K, used 23027K [0x00000000eaa80000, 0x00000000ee080000, 0x0000000100000000)
  eden space 19968K, 100% used [0x00000000eaa80000,0x00000000ebe00000,0x00000000ebe00000)
  from space 3072K, 99% used [0x00000000ebe00000,0x00000000ec0fcd28,0x00000000ec100000)
  to   space 7680K, 0% used [0x00000000ed900000,0x00000000ed900000,0x00000000ee080000)
 ParOldGen       total 51712K, used 14931K [0x00000000c0000000, 0x00000000c3280000, 0x00000000eaa80000)
  object space 51712K, 28% used [0x00000000c0000000,0x00000000c0e94e00,0x00000000c3280000)
 PSPermGen       total 21504K, used 5603K [0x00000000bae00000, 0x00000000bc300000, 0x00000000c0000000)
  object space 21504K, 26% used [0x00000000bae00000,0x00000000bb378d78,0x00000000bc300000)
Event: 18.355 GC heap after
Heap after GC invocations=6 (full 0):
 PSYoungGen      total 47616K, used 6308K [0x00000000eaa80000, 0x00000000ee080000, 0x0000000100000000)
  eden space 39936K, 0% used [0x00000000eaa80000,0x00000000eaa80000,0x00000000ed180000)
  from space 7680K, 82% used [0x00000000ed900000,0x00000000edf290d0,0x00000000ee080000)
  to   space 7680K, 0% used [0x00000000ed180000,0x00000000ed180000,0x00000000ed900000)
 ParOldGen       total 51712K, used 14931K [0x00000000c0000000, 0x00000000c3280000, 0x00000000eaa80000)
  object space 51712K, 28% used [0x00000000c0000000,0x00000000c0e94e00,0x00000000c3280000)
 PSPermGen       total 21504K, used 5603K [0x00000000bae00000, 0x00000000bc300000, 0x00000000c0000000)
  object space 21504K, 26% used [0x00000000bae00000,0x00000000bb378d78,0x00000000bc300000)
}
Event: 20.103 GC heap before
{Heap before GC invocations=7 (full 0):
 PSYoungGen      total 47616K, used 46244K [0x00000000eaa80000, 0x00000000ee080000, 0x0000000100000000)
  eden space 39936K, 100% used [0x00000000eaa80000,0x00000000ed180000,0x00000000ed180000)
  from space 7680K, 82% used [0x00000000ed900000,0x00000000edf290d0,0x00000000ee080000)
  to   space 7680K, 0% used [0x00000000ed180000,0x00000000ed180000,0x00000000ed900000)
 ParOldGen       total 51712K, used 14931K [0x00000000c0000000, 0x00000000c3280000, 0x00000000eaa80000)
  object space 51712K, 28% used [0x00000000c0000000,0x00000000c0e94e00,0x00000000c3280000)
 PSPermGen       total 21504K, used 5630K [0x00000000bae00000, 0x00000000bc300000, 0x00000000c0000000)
  object space 21504K, 26% used [0x00000000bae00000,0x00000000bb37fa98,0x00000000bc300000)

