# JRE version: Java(TM) SE Runtime Environment (7.0_75-b13) (build 1.7.0_75-b13)
# Java VM: Java HotSpot(TM) 64-Bit Server VM (24.75-b04 mixed mode linux-amd64 compressed oops)
Heap
 PSYoungGen      total 184320K, used 46567K [0x00000000eaa80000, 0x00000000fa000000, 0x0000000100000000)
  eden space 137728K, 0% used [0x00000000eaa80000,0x00000000eaa80000,0x00000000f3100000)
  from space 46592K, 99% used [0x00000000f7280000,0x00000000f9ff9e30,0x00000000fa000000)
  to   space 38400K, 0% used [0x00000000f3100000,0x00000000f3100000,0x00000000f5680000)
 ParOldGen       total 134144K, used 92686K [0x00000000c0000000, 0x00000000c8300000, 0x00000000eaa80000)
  object space 134144K, 69% used [0x00000000c0000000,0x00000000c5a83ab8,0x00000000c8300000)
 PSPermGen       total 21504K, used 5735K [0x00000000bae00000, 0x00000000bc300000, 0x00000000c0000000)
  object space 21504K, 26% used [0x00000000bae00000,0x00000000bb399c28,0x00000000bc300000)
GC Heap History (10 events):
Event: 17.917 GC heap after
Heap after GC invocations=6 (full 0):
 PSYoungGen      total 87040K, used 9202K [0x00000000eaa80000, 0x00000000f0e80000, 0x0000000100000000)
  eden space 77824K, 0% used [0x00000000eaa80000,0x00000000eaa80000,0x00000000ef680000)
  from space 9216K, 99% used [0x00000000f0180000,0x00000000f0a7c880,0x00000000f0a80000)
  to   space 11264K, 0% used [0x00000000ef680000,0x00000000ef680000,0x00000000f0180000)
 ParOldGen       total 51712K, used 18893K [0x00000000c0000000, 0x00000000c3280000, 0x00000000eaa80000)
  object space 51712K, 36% used [0x00000000c0000000,0x00000000c1273488,0x00000000c3280000)
 PSPermGen       total 21504K, used 5630K [0x00000000bae00000, 0x00000000bc300000, 0x00000000c0000000)
  object space 21504K, 26% used [0x00000000bae00000,0x00000000bb37f920,0x00000000bc300000)
}
Event: 20.318 GC heap before
{Heap before GC invocations=7 (full 0):
 PSYoungGen      total 87040K, used 87026K [0x00000000eaa80000, 0x00000000f0e80000, 0x0000000100000000)
  eden space 77824K, 100% used [0x00000000eaa80000,0x00000000ef680000,0x00000000ef680000)
  from space 9216K, 99% used [0x00000000f0180000,0x00000000f0a7c880,0x00000000f0a80000)
  to   space 11264K, 0% used [0x00000000ef680000,0x00000000ef680000,0x00000000f0180000)
 ParOldGen       total 51712K, used 18893K [0x00000000c0000000, 0x00000000c3280000, 0x00000000eaa80000)
  object space 51712K, 36% used [0x00000000c0000000,0x00000000c1273488,0x00000000c3280000)
 PSPermGen       total 21504K, used 5635K [0x00000000bae00000, 0x00000000bc300000, 0x00000000c0000000)
  object space 21504K, 26% used [0x00000000bae00000,0x00000000bb380ea0,0x00000000bc300000)
Event: 20.510 GC heap after
Heap after GC invocations=7 (full 0):
 PSYoungGen      total 89088K, used 11245K [0x00000000eaa80000, 0x00000000f8f80000, 0x0000000100000000)
  eden space 77824K, 0% used [0x00000000eaa80000,0x00000000eaa80000,0x00000000ef680000)
  from space 11264K, 99% used [0x00000000ef680000,0x00000000f017b470,0x00000000f0180000)
  to   space 39424K, 0% used [0x00000000f6900000,0x00000000f6900000,0x00000000f8f80000)
 ParOldGen       total 73216K, used 72881K [0x00000000c0000000, 0x00000000c4780000, 0x00000000eaa80000)
  object space 73216K, 99% used [0x00000000c0000000,0x00000000c472c5f0,0x00000000c4780000)
 PSPermGen       total 21504K, used 5635K [0x00000000bae00000, 0x00000000bc300000, 0x00000000c0000000)
  object space 21504K, 26% used [0x00000000bae00000,0x00000000bb380ea0,0x00000000bc300000)
}
Event: 20.510 GC heap before
{Heap before GC invocations=8 (full 1):
 PSYoungGen      total 89088K, used 11245K [0x00000000eaa80000, 0x00000000f8f80000, 0x0000000100000000)
  eden space 77824K, 0% used [0x00000000eaa80000,0x00000000eaa80000,0x00000000ef680000)
  from space 11264K, 99% used [0x00000000ef680000,0x00000000f017b470,0x00000000f0180000)
  to   space 39424K, 0% used [0x00000000f6900000,0x00000000f6900000,0x00000000f8f80000)
 ParOldGen       total 73216K, used 72881K [0x00000000c0000000, 0x00000000c4780000, 0x00000000eaa80000)
  object space 73216K, 99% used [0x00000000c0000000,0x00000000c472c5f0,0x00000000c4780000)
 PSPermGen       total 21504K, used 5635K [0x00000000bae00000, 0x00000000bc300000, 0x00000000c0000000)
  object space 21504K, 26% used [0x00000000bae00000,0x00000000bb380ea0,0x00000000bc300000)
Event: 21.285 GC heap after
Heap after GC invocations=8 (full 1):
 PSYoungGen      total 89088K, used 5569K [0x00000000eaa80000, 0x00000000f8f80000, 0x0000000100000000)
  eden space 77824K, 0% used [0x00000000eaa80000,0x00000000eaa80000,0x00000000ef680000)
  from space 11264K, 49% used [0x00000000ef680000,0x00000000efbf07d0,0x00000000f0180000)
  to   space 39424K, 0% used [0x00000000f6900000,0x00000000f6900000,0x00000000f8f80000)
 ParOldGen       total 134144K, used 72576K [0x00000000c0000000, 0x00000000c8300000, 0x00000000eaa80000)
  object space 134144K, 54% used [0x00000000c0000000,0x00000000c46e0258,0x00000000c8300000)
 PSPermGen       total 21504K, used 5630K [0x00000000bae00000, 0x00000000bc300000, 0x00000000c0000000)
  object space 21504K, 26% used [0x00000000bae00000,0x00000000bb37fbd8,0x00000000bc300000)
}
Event: 22.647 GC heap before
{Heap before GC invocations=9 (full 1):
 PSYoungGen      total 89088K, used 83393K [0x00000000eaa80000, 0x00000000f8f80000, 0x0000000100000000)
  eden space 77824K, 100% used [0x00000000eaa80000,0x00000000ef680000,0x00000000ef680000)
  from space 11264K, 49% used [0x00000000ef680000,0x00000000efbf07d0,0x00000000f0180000)
  to   space 39424K, 0% used [0x00000000f6900000,0x00000000f6900000,0x00000000f8f80000)
 ParOldGen       total 134144K, used 72576K [0x00000000c0000000, 0x00000000c8300000, 0x00000000eaa80000)
  object space 134144K, 54% used [0x00000000c0000000,0x00000000c46e0258,0x00000000c8300000)
 PSPermGen       total 21504K, used 5643K [0x00000000bae00000, 0x00000000bc300000, 0x00000000c0000000)
  object space 21504K, 26% used [0x00000000bae00000,0x00000000bb382c78,0x00000000bc300000)
Event: 22.776 GC heap after
Heap after GC invocations=9 (full 1):
 PSYoungGen      total 138752K, used 19255K [0x00000000eaa80000, 0x00000000f7c00000, 0x0000000100000000)
  eden space 119296K, 0% used [0x00000000eaa80000,0x00000000eaa80000,0x00000000f1f00000)
  from space 19456K, 98% used [0x00000000f6900000,0x00000000f7bcdf20,0x00000000f7c00000)
  to   space 38400K, 0% used [0x00000000f3100000,0x00000000f3100000,0x00000000f5680000)
 ParOldGen       total 134144K, used 72576K [0x00000000c0000000, 0x00000000c8300000, 0x00000000eaa80000)
  object space 134144K, 54% used [0x00000000c0000000,0x00000000c46e0258,0x00000000c8300000)
 PSPermGen       total 21504K, used 5643K [0x00000000bae00000, 0x00000000bc300000, 0x00000000c0000000)
  object space 21504K, 26% used [0x00000000bae00000,0x00000000bb382c78,0x00000000bc300000)
}
Event: 25.675 GC heap before
{Heap before GC invocations=10 (full 1):
 PSYoungGen      total 138752K, used 138551K [0x00000000eaa80000, 0x00000000f7c00000, 0x0000000100000000)
  eden space 119296K, 100% used [0x00000000eaa80000,0x00000000f1f00000,0x00000000f1f00000)
  from space 19456K, 98% used [0x00000000f6900000,0x00000000f7bcdf20,0x00000000f7c00000)
  to   space 38400K, 0% used [0x00000000f3100000,0x00000000f3100000,0x00000000f5680000)
 ParOldGen       total 134144K, used 72576K [0x00000000c0000000, 0x00000000c8300000, 0x00000000eaa80000)
  object space 134144K, 54% used [0x00000000c0000000,0x00000000c46e0258,0x00000000c8300000)
 PSPermGen       total 21504K, used 5681K [0x00000000bae00000, 0x00000000bc300000, 0x00000000c0000000)
  object space 21504K, 26% used [0x00000000bae00000,0x00000000bb38c500,0x00000000bc300000)
Event: 25.828 GC heap after
Heap after GC invocations=10 (full 1):
 PSYoungGen      total 176128K, used 38376K [0x00000000eaa80000, 0x00000000fa000000, 0x0000000100000000)
  eden space 137728K, 0% used [0x00000000eaa80000,0x00000000eaa80000,0x00000000f3100000)
  from space 38400K, 99% used [0x00000000f3100000,0x00000000f567a338,0x00000000f5680000)
  to   space 46592K, 0% used [0x00000000f7280000,0x00000000f7280000,0x00000000fa000000)
 ParOldGen       total 134144K, used 76288K [0x00000000c0000000, 0x00000000c8300000, 0x00000000eaa80000)
  object space 134144K, 56% used [0x00000000c0000000,0x00000000c4a800d0,0x00000000c8300000)
 PSPermGen       total 21504K, used 5681K [0x00000000bae00000, 0x00000000bc300000, 0x00000000c0000000)
  object space 21504K, 26% used [0x00000000bae00000,0x00000000bb38c500,0x00000000bc300000)
}
Event: 28.399 GC heap before
{Heap before GC invocations=11 (full 1):
 PSYoungGen      total 176128K, used 176104K [0x00000000eaa80000, 0x00000000fa000000, 0x0000000100000000)
  eden space 137728K, 100% used [0x00000000eaa80000,0x00000000f3100000,0x00000000f3100000)
  from space 38400K, 99% used [0x00000000f3100000,0x00000000f567a338,0x00000000f5680000)
  to   space 46592K, 0% used [0x00000000f7280000,0x00000000f7280000,0x00000000fa000000)
 ParOldGen       total 134144K, used 76288K [0x00000000c0000000, 0x00000000c8300000, 0x00000000eaa80000)
  object space 134144K, 56% used [0x00000000c0000000,0x00000000c4a800d0,0x00000000c8300000)
 PSPermGen       total 21504K, used 5735K [0x00000000bae00000, 0x00000000bc300000, 0x00000000c0000000)
  object space 21504K, 26% used [0x00000000bae00000,0x00000000bb399c28,0x00000000bc300000)

